[#181 -> Ampharos: Light Pokémon - ['electric'] - ['Static', 'Plus'] - 61.5kg - 1.4m - 45% - false - 2 gen] - 25/05/1999
[#791 -> Solgaleo: Sunne Pokémon - ['psychic', 'steel'] - ['Full Metal Body'] - 230.0kg - 3.4m - 45% - true - 7 gen] - 20/05/2016
[#453 -> Croagunk: Toxic Mouth Pokémon - ['poison', 'fighting'] - ['Anticipation', 'Dry Skin', 'Poison Touch'] - 23.0kg - 0.7m - 140% - false - 4 gen] - 21/05/2006
[#46 -> Paras: Mushroom Pokémon - ['bug', 'grass'] - ['Effect Spore', 'Dry Skin', 'Damp'] - 5.4kg - 0.3m - 190% - false - 1 gen] - 01/11/1996
[#137 -> Porygon: Virtual Pokémon - ['normal'] - ['Trace', 'Download', 'Analytic'] - 36.5kg - 0.8m - 45% - false - 1 gen] - 06/06/1996
[#718 -> Zygarde: Order Pokémon - ['dragon', 'ground'] - ['Aura Break', 'Power Construct'] - 284.6kg - 5.0m - 3% - true - 6 gen] - 08/02/2013
[#56 -> Mankey: Pig Monkey Pokémon - ['fighting'] - ['Vital Spirit', 'Anger Point', 'Defiant'] - 28.0kg - 0.5m - 190% - false - 1 gen] - 02/05/1996
[#261 -> Poochyena: Bite Pokémon - ['dark'] - ['Run Away', 'Quick Feet', 'Rattled'] - 13.6kg - 0.5m - 255% - false - 3 gen] - 26/07/2002
[#91 -> Cloyster: Bivalve Pokémon - ['water', 'ice'] - ['Shell Armor', 'Skill Link', 'Overcoat'] - 132.5kg - 1.5m - 60% - false - 1 gen] - 05/06/1996
[#317 -> Swalot: Poison Bag Pokémon - ['poison'] - ['Liquid Ooze', 'Sticky Hold', 'Gluttony'] - 80.0kg - 1.7m - 75% - false - 3 gen] - 16/03/2002
[#297 -> Hariyama: Arm Thrust Pokémon - ['fighting'] - ['Thick Fat', 'Guts', 'Sheer Force'] - 253.8kg - 2.3m - 200% - false - 3 gen] - 21/01/2002
[#189 -> Jumpluff: Cottonweed Pokémon - ['grass', 'flying'] - ['Chlorophyll', 'Leaf Guard', 'Infiltrator'] - 3.0kg - 0.8m - 45% - false - 2 gen] - 15/05/1999
[#132 -> Ditto: Transform Pokémon - ['normal'] - ['Limber', 'Imposter'] - 4.0kg - 0.3m - 35% - false - 1 gen] - 15/01/1996
[#677 -> Espurr: Restraint Pokémon - ['psychic'] - ['Keen Eye', 'Infiltrator', 'Own Tempo'] - 3.5kg - 0.3m - 190% - false - 6 gen] - 28/07/2013
[#398 -> Staraptor: Predator Pokémon - ['normal', 'flying'] - ['Intimidate', 'Reckless'] - 24.9kg - 1.2m - 45% - false - 4 gen] - 18/01/2006
[#506 -> Lillipup: Puppy Pokémon - ['normal'] - ['Vital Spirit', 'Pickup', 'Run Away'] - 4.1kg - 0.4m - 255% - false - 5 gen] - 04/09/2010
[#527 -> Woobat: Bat Pokémon - ['psychic', 'flying'] - ['Unaware', 'Klutz', 'Simple'] - 2.1kg - 0.4m - 190% - false - 5 gen] - 09/01/2010
[#382 -> Kyogre: Sea Basin Pokémon - ['water'] - ['Drizzle'] - 352.0kg - 4.5m - 3% - true - 3 gen] - 24/06/2002
[#700 -> Sylveon: Intertwining Pokémon - ['fairy'] - ['Cute Charm', 'Pixilate'] - 23.5kg - 1.0m - 45% - false - 6 gen] - 02/07/2013
[#550 -> Basculin: Hostile Pokémon - ['water'] - ['Reckless', 'Rock Head', 'Adaptability', 'Mold Breaker'] - 18.0kg - 1.0m - 25% - false - 5 gen] - 04/08/2010
[#47 -> Parasect: Mushroom Pokémon - ['bug', 'grass'] - ['Effect Spore', 'Dry Skin', 'Damp'] - 29.5kg - 1.0m - 75% - false - 1 gen] - 04/04/1996
[#61 -> Poliwhirl: Tadpole Pokémon - ['water'] - ['Water Absorb', 'Damp', 'Swift Swim'] - 20.0kg - 1.0m - 120% - false - 1 gen] - 24/10/1996
[#252 -> Treecko: Wood Gecko Pokémon - ['grass'] - ['Overgrow', 'Unburden'] - 5.0kg - 0.5m - 45% - false - 3 gen] - 19/01/2002
[#564 -> Tirtouga: Prototurtle Pokémon - ['water', 'rock'] - ['Solid Rock', 'Sturdy', 'Swift Swim'] - 16.5kg - 0.7m - 45% - false - 5 gen] - 02/09/2010
[#473 -> Mamoswine: Twin Tusk Pokémon - ['ice', 'ground'] - ['Oblivious', 'Snow Cloak', 'Thick Fat'] - 291.0kg - 2.5m - 50% - false - 4 gen] - 09/12/2006
[#642 -> Thundurus: Bolt Strike Pokémon - ['electric', 'flying'] - ['Prankster', 'Defiant', 'Volt Absorb'] - 61.0kg - 1.5m - 3% - true - 5 gen] - 29/09/2010
[#500 -> Emboar: Mega Fire Pig Pokémon - ['fire', 'fighting'] - ['Blaze', 'Reckless'] - 150.0kg - 1.6m - 45% - false - 5 gen] - 15/06/2010
[#98 -> Krabby: River Crab Pokémon - ['water'] - ['Hyper Cutter', 'Shell Armor', 'Sheer Force'] - 6.5kg - 0.4m - 225% - false - 1 gen] - 11/04/1996
[#222 -> Corsola: Coral Pokémon - ['water', 'rock'] - ['Hustle', 'Natural Cure', 'Regenerator'] - 5.0kg - 0.6m - 60% - false - 2 gen] - 07/07/1999
[#608 -> Lampent: Lamp Pokémon - ['ghost', 'fire'] - ['Flash Fire', 'Flame Body', 'Infiltrator'] - 13.0kg - 0.6m - 90% - false - 5 gen] - 17/05/2010
