Verificando nó: 7, CaptureRate: 45, Resto: 0
Indo para a subárvore esquerda de 7
Verificando nó: 3, CaptureRate: 45, Resto: 0
Indo para a subárvore esquerda de 3
Verificando nó: 1, CaptureRate: 45, Resto: 0
Indo para a subárvore esquerda de 1
Verificando nó: 0, CaptureRate: 45, Resto: 0
Nó encontrado. Inserindo Pokémon...
Inserido com sucesso
Verificando nó: 7, CaptureRate: 45, Resto: 0
Indo para a subárvore esquerda de 7
Verificando nó: 3, CaptureRate: 45, Resto: 0
Indo para a subárvore esquerda de 3
Verificando nó: 1, CaptureRate: 45, Resto: 0
Indo para a subárvore esquerda de 1
Verificando nó: 0, CaptureRate: 45, Resto: 0
Nó encontrado. Inserindo Pokémon...
Inserido com sucesso
Verificando nó: 7, CaptureRate: 140, Resto: 5
Indo para a subárvore esquerda de 7
Verificando nó: 3, CaptureRate: 140, Resto: 5
Indo para a subárvore direita de 3
Verificando nó: 5, CaptureRate: 140, Resto: 5
Nó encontrado. Inserindo Pokémon...
Inserido com sucesso
Verificando nó: 7, CaptureRate: 190, Resto: 10
Indo para a subárvore direita de 7
Verificando nó: 11, CaptureRate: 190, Resto: 10
Indo para a subárvore esquerda de 11
Verificando nó: 9, CaptureRate: 190, Resto: 10
Indo para a subárvore direita de 9
Verificando nó: 10, CaptureRate: 190, Resto: 10
Nó encontrado. Inserindo Pokémon...
Inserido com sucesso
Verificando nó: 7, CaptureRate: 45, Resto: 0
Indo para a subárvore esquerda de 7
Verificando nó: 3, CaptureRate: 45, Resto: 0
Indo para a subárvore esquerda de 3
Verificando nó: 1, CaptureRate: 45, Resto: 0
Indo para a subárvore esquerda de 1
Verificando nó: 0, CaptureRate: 45, Resto: 0
Nó encontrado. Inserindo Pokémon...
Inserido com sucesso
Verificando nó: 7, CaptureRate: 3, Resto: 3
Indo para a subárvore esquerda de 7
Verificando nó: 3, CaptureRate: 3, Resto: 3
Nó encontrado. Inserindo Pokémon...
Inserido com sucesso
Verificando nó: 7, CaptureRate: 190, Resto: 10
Indo para a subárvore direita de 7
Verificando nó: 11, CaptureRate: 190, Resto: 10
Indo para a subárvore esquerda de 11
Verificando nó: 9, CaptureRate: 190, Resto: 10
Indo para a subárvore direita de 9
Verificando nó: 10, CaptureRate: 190, Resto: 10
Nó encontrado. Inserindo Pokémon...
Inserido com sucesso
Verificando nó: 7, CaptureRate: 255, Resto: 0
Indo para a subárvore esquerda de 7
Verificando nó: 3, CaptureRate: 255, Resto: 0
Indo para a subárvore esquerda de 3
Verificando nó: 1, CaptureRate: 255, Resto: 0
Indo para a subárvore esquerda de 1
Verificando nó: 0, CaptureRate: 255, Resto: 0
Nó encontrado. Inserindo Pokémon...
Inserido com sucesso
Verificando nó: 7, CaptureRate: 60, Resto: 0
Indo para a subárvore esquerda de 7
Verificando nó: 3, CaptureRate: 60, Resto: 0
Indo para a subárvore esquerda de 3
Verificando nó: 1, CaptureRate: 60, Resto: 0
Indo para a subárvore esquerda de 1
Verificando nó: 0, CaptureRate: 60, Resto: 0
Nó encontrado. Inserindo Pokémon...
Inserido com sucesso
Verificando nó: 7, CaptureRate: 75, Resto: 0
Indo para a subárvore esquerda de 7
Verificando nó: 3, CaptureRate: 75, Resto: 0
Indo para a subárvore esquerda de 3
Verificando nó: 1, CaptureRate: 75, Resto: 0
Indo para a subárvore esquerda de 1
Verificando nó: 0, CaptureRate: 75, Resto: 0
Nó encontrado. Inserindo Pokémon...
Inserido com sucesso
Verificando nó: 7, CaptureRate: 200, Resto: 5
Indo para a subárvore esquerda de 7
Verificando nó: 3, CaptureRate: 200, Resto: 5
Indo para a subárvore direita de 3
Verificando nó: 5, CaptureRate: 200, Resto: 5
Nó encontrado. Inserindo Pokémon...
Inserido com sucesso
Verificando nó: 7, CaptureRate: 45, Resto: 0
Indo para a subárvore esquerda de 7
Verificando nó: 3, CaptureRate: 45, Resto: 0
Indo para a subárvore esquerda de 3
Verificando nó: 1, CaptureRate: 45, Resto: 0
Indo para a subárvore esquerda de 1
Verificando nó: 0, CaptureRate: 45, Resto: 0
Nó encontrado. Inserindo Pokémon...
Inserido com sucesso
Verificando nó: 7, CaptureRate: 35, Resto: 5
Indo para a subárvore esquerda de 7
Verificando nó: 3, CaptureRate: 35, Resto: 5
Indo para a subárvore direita de 3
Verificando nó: 5, CaptureRate: 35, Resto: 5
Nó encontrado. Inserindo Pokémon...
Inserido com sucesso
Verificando nó: 7, CaptureRate: 190, Resto: 10
Indo para a subárvore direita de 7
Verificando nó: 11, CaptureRate: 190, Resto: 10
Indo para a subárvore esquerda de 11
Verificando nó: 9, CaptureRate: 190, Resto: 10
Indo para a subárvore direita de 9
Verificando nó: 10, CaptureRate: 190, Resto: 10
Nó encontrado. Inserindo Pokémon...
Inserido com sucesso
Verificando nó: 7, CaptureRate: 45, Resto: 0
Indo para a subárvore esquerda de 7
Verificando nó: 3, CaptureRate: 45, Resto: 0
Indo para a subárvore esquerda de 3
Verificando nó: 1, CaptureRate: 45, Resto: 0
Indo para a subárvore esquerda de 1
Verificando nó: 0, CaptureRate: 45, Resto: 0
Nó encontrado. Inserindo Pokémon...
Inserido com sucesso
Verificando nó: 7, CaptureRate: 255, Resto: 0
Indo para a subárvore esquerda de 7
Verificando nó: 3, CaptureRate: 255, Resto: 0
Indo para a subárvore esquerda de 3
Verificando nó: 1, CaptureRate: 255, Resto: 0
Indo para a subárvore esquerda de 1
Verificando nó: 0, CaptureRate: 255, Resto: 0
Nó encontrado. Inserindo Pokémon...
Inserido com sucesso
Verificando nó: 7, CaptureRate: 190, Resto: 10
Indo para a subárvore direita de 7
Verificando nó: 11, CaptureRate: 190, Resto: 10
Indo para a subárvore esquerda de 11
Verificando nó: 9, CaptureRate: 190, Resto: 10
Indo para a subárvore direita de 9
Verificando nó: 10, CaptureRate: 190, Resto: 10
Nó encontrado. Inserindo Pokémon...
Inserido com sucesso
Verificando nó: 7, CaptureRate: 3, Resto: 3
Indo para a subárvore esquerda de 7
Verificando nó: 3, CaptureRate: 3, Resto: 3
Nó encontrado. Inserindo Pokémon...
Inserido com sucesso
Verificando nó: 7, CaptureRate: 45, Resto: 0
Indo para a subárvore esquerda de 7
Verificando nó: 3, CaptureRate: 45, Resto: 0
Indo para a subárvore esquerda de 3
Verificando nó: 1, CaptureRate: 45, Resto: 0
Indo para a subárvore esquerda de 1
Verificando nó: 0, CaptureRate: 45, Resto: 0
Nó encontrado. Inserindo Pokémon...
Inserido com sucesso
Verificando nó: 7, CaptureRate: 25, Resto: 10
Indo para a subárvore direita de 7
Verificando nó: 11, CaptureRate: 25, Resto: 10
Indo para a subárvore esquerda de 11
Verificando nó: 9, CaptureRate: 25, Resto: 10
Indo para a subárvore direita de 9
Verificando nó: 10, CaptureRate: 25, Resto: 10
Nó encontrado. Inserindo Pokémon...
Inserido com sucesso
Verificando nó: 7, CaptureRate: 75, Resto: 0
Indo para a subárvore esquerda de 7
Verificando nó: 3, CaptureRate: 75, Resto: 0
Indo para a subárvore esquerda de 3
Verificando nó: 1, CaptureRate: 75, Resto: 0
Indo para a subárvore esquerda de 1
Verificando nó: 0, CaptureRate: 75, Resto: 0
Nó encontrado. Inserindo Pokémon...
Inserido com sucesso
Verificando nó: 7, CaptureRate: 120, Resto: 0
Indo para a subárvore esquerda de 7
Verificando nó: 3, CaptureRate: 120, Resto: 0
Indo para a subárvore esquerda de 3
Verificando nó: 1, CaptureRate: 120, Resto: 0
Indo para a subárvore esquerda de 1
Verificando nó: 0, CaptureRate: 120, Resto: 0
Nó encontrado. Inserindo Pokémon...
Inserido com sucesso
Verificando nó: 7, CaptureRate: 45, Resto: 0
Indo para a subárvore esquerda de 7
Verificando nó: 3, CaptureRate: 45, Resto: 0
Indo para a subárvore esquerda de 3
Verificando nó: 1, CaptureRate: 45, Resto: 0
Indo para a subárvore esquerda de 1
Verificando nó: 0, CaptureRate: 45, Resto: 0
Nó encontrado. Inserindo Pokémon...
Inserido com sucesso
Verificando nó: 7, CaptureRate: 45, Resto: 0
Indo para a subárvore esquerda de 7
Verificando nó: 3, CaptureRate: 45, Resto: 0
Indo para a subárvore esquerda de 3
Verificando nó: 1, CaptureRate: 45, Resto: 0
Indo para a subárvore esquerda de 1
Verificando nó: 0, CaptureRate: 45, Resto: 0
Nó encontrado. Inserindo Pokémon...
Inserido com sucesso
Verificando nó: 7, CaptureRate: 50, Resto: 5
Indo para a subárvore esquerda de 7
Verificando nó: 3, CaptureRate: 50, Resto: 5
Indo para a subárvore direita de 3
Verificando nó: 5, CaptureRate: 50, Resto: 5
Nó encontrado. Inserindo Pokémon...
Inserido com sucesso
Verificando nó: 7, CaptureRate: 3, Resto: 3
Indo para a subárvore esquerda de 7
Verificando nó: 3, CaptureRate: 3, Resto: 3
Nó encontrado. Inserindo Pokémon...
Inserido com sucesso
Verificando nó: 7, CaptureRate: 45, Resto: 0
Indo para a subárvore esquerda de 7
Verificando nó: 3, CaptureRate: 45, Resto: 0
Indo para a subárvore esquerda de 3
Verificando nó: 1, CaptureRate: 45, Resto: 0
Indo para a subárvore esquerda de 1
Verificando nó: 0, CaptureRate: 45, Resto: 0
Nó encontrado. Inserindo Pokémon...
Inserido com sucesso
Verificando nó: 7, CaptureRate: 225, Resto: 0
Indo para a subárvore esquerda de 7
Verificando nó: 3, CaptureRate: 225, Resto: 0
Indo para a subárvore esquerda de 3
Verificando nó: 1, CaptureRate: 225, Resto: 0
Indo para a subárvore esquerda de 1
Verificando nó: 0, CaptureRate: 225, Resto: 0
Nó encontrado. Inserindo Pokémon...
Inserido com sucesso
Verificando nó: 7, CaptureRate: 60, Resto: 0
Indo para a subárvore esquerda de 7
Verificando nó: 3, CaptureRate: 60, Resto: 0
Indo para a subárvore esquerda de 3
Verificando nó: 1, CaptureRate: 60, Resto: 0
Indo para a subárvore esquerda de 1
Verificando nó: 0, CaptureRate: 60, Resto: 0
Nó encontrado. Inserindo Pokémon...
Inserido com sucesso
Verificando nó: 7, CaptureRate: 90, Resto: 0
Indo para a subárvore esquerda de 7
Verificando nó: 3, CaptureRate: 90, Resto: 0
Indo para a subárvore esquerda de 3
Verificando nó: 1, CaptureRate: 90, Resto: 0
Indo para a subárvore esquerda de 1
Verificando nó: 0, CaptureRate: 90, Resto: 0
Nó encontrado. Inserindo Pokémon...
Inserido com sucesso
Verificando nó: 7, CaptureRate: 255, Resto: 0
Indo para a subárvore esquerda de 7
Verificando nó: 3, CaptureRate: 255, Resto: 0
Indo para a subárvore esquerda de 3
Verificando nó: 1, CaptureRate: 255, Resto: 0
Indo para a subárvore esquerda de 1
Verificando nó: 0, CaptureRate: 255, Resto: 0
Nó encontrado. Inserindo Pokémon...
Inserido com sucesso
Verificando nó: 7, CaptureRate: 90, Resto: 0
Indo para a subárvore esquerda de 7
Verificando nó: 3, CaptureRate: 90, Resto: 0
Indo para a subárvore esquerda de 3
Verificando nó: 1, CaptureRate: 90, Resto: 0
Indo para a subárvore esquerda de 1
Verificando nó: 0, CaptureRate: 90, Resto: 0
Nó encontrado. Inserindo Pokémon...
Inserido com sucesso
Verificando nó: 7, CaptureRate: 180, Resto: 0
Indo para a subárvore esquerda de 7
Verificando nó: 3, CaptureRate: 180, Resto: 0
Indo para a subárvore esquerda de 3
Verificando nó: 1, CaptureRate: 180, Resto: 0
Indo para a subárvore esquerda de 1
Verificando nó: 0, CaptureRate: 180, Resto: 0
Nó encontrado. Inserindo Pokémon...
Inserido com sucesso
Verificando nó: 7, CaptureRate: 30, Resto: 0
Indo para a subárvore esquerda de 7
Verificando nó: 3, CaptureRate: 30, Resto: 0
Indo para a subárvore esquerda de 3
Verificando nó: 1, CaptureRate: 30, Resto: 0
Indo para a subárvore esquerda de 1
Verificando nó: 0, CaptureRate: 30, Resto: 0
Nó encontrado. Inserindo Pokémon...
Inserido com sucesso
Verificando nó: 7, CaptureRate: 255, Resto: 0
Indo para a subárvore esquerda de 7
Verificando nó: 3, CaptureRate: 255, Resto: 0
Indo para a subárvore esquerda de 3
Verificando nó: 1, CaptureRate: 255, Resto: 0
Indo para a subárvore esquerda de 1
Verificando nó: 0, CaptureRate: 255, Resto: 0
Nó encontrado. Inserindo Pokémon...
Inserido com sucesso
Verificando nó: 7, CaptureRate: 60, Resto: 0
Indo para a subárvore esquerda de 7
Verificando nó: 3, CaptureRate: 60, Resto: 0
Indo para a subárvore esquerda de 3
Verificando nó: 1, CaptureRate: 60, Resto: 0
Indo para a subárvore esquerda de 1
Verificando nó: 0, CaptureRate: 60, Resto: 0
Nó encontrado. Inserindo Pokémon...
Inserido com sucesso
Verificando nó: 7, CaptureRate: 255, Resto: 0
Indo para a subárvore esquerda de 7
Verificando nó: 3, CaptureRate: 255, Resto: 0
Indo para a subárvore esquerda de 3
Verificando nó: 1, CaptureRate: 255, Resto: 0
Indo para a subárvore esquerda de 1
Verificando nó: 0, CaptureRate: 255, Resto: 0
Nó encontrado. Inserindo Pokémon...
Inserido com sucesso
Verificando nó: 7, CaptureRate: 200, Resto: 5
Indo para a subárvore esquerda de 7
Verificando nó: 3, CaptureRate: 200, Resto: 5
Indo para a subárvore direita de 3
Verificando nó: 5, CaptureRate: 200, Resto: 5
Nó encontrado. Inserindo Pokémon...
Inserido com sucesso
Verificando nó: 7, CaptureRate: 120, Resto: 0
Indo para a subárvore esquerda de 7
Verificando nó: 3, CaptureRate: 120, Resto: 0
Indo para a subárvore esquerda de 3
Verificando nó: 1, CaptureRate: 120, Resto: 0
Indo para a subárvore esquerda de 1
Verificando nó: 0, CaptureRate: 120, Resto: 0
Nó encontrado. Inserindo Pokémon...
Inserido com sucesso
Verificando nó: 7, CaptureRate: 120, Resto: 0
Indo para a subárvore esquerda de 7
Verificando nó: 3, CaptureRate: 120, Resto: 0
Indo para a subárvore esquerda de 3
Verificando nó: 1, CaptureRate: 120, Resto: 0
Indo para a subárvore esquerda de 1
Verificando nó: 0, CaptureRate: 120, Resto: 0
Nó encontrado. Inserindo Pokémon...
Inserido com sucesso
Verificando nó: 7, CaptureRate: 170, Resto: 5
Indo para a subárvore esquerda de 7
Verificando nó: 3, CaptureRate: 170, Resto: 5
Indo para a subárvore direita de 3
Verificando nó: 5, CaptureRate: 170, Resto: 5
Nó encontrado. Inserindo Pokémon...
Inserido com sucesso
Verificando nó: 7, CaptureRate: 255, Resto: 0
Indo para a subárvore esquerda de 7
Verificando nó: 3, CaptureRate: 255, Resto: 0
Indo para a subárvore esquerda de 3
Verificando nó: 1, CaptureRate: 255, Resto: 0
Indo para a subárvore esquerda de 1
Verificando nó: 0, CaptureRate: 255, Resto: 0
Nó encontrado. Inserindo Pokémon...
Inserido com sucesso
Verificando nó: 7, CaptureRate: 45, Resto: 0
Indo para a subárvore esquerda de 7
Verificando nó: 3, CaptureRate: 45, Resto: 0
Indo para a subárvore esquerda de 3
Verificando nó: 1, CaptureRate: 45, Resto: 0
Indo para a subárvore esquerda de 1
Verificando nó: 0, CaptureRate: 45, Resto: 0
Nó encontrado. Inserindo Pokémon...
Inserido com sucesso
Verificando nó: 7, CaptureRate: 255, Resto: 0
Indo para a subárvore esquerda de 7
Verificando nó: 3, CaptureRate: 255, Resto: 0
Indo para a subárvore esquerda de 3
Verificando nó: 1, CaptureRate: 255, Resto: 0
Indo para a subárvore esquerda de 1
Verificando nó: 0, CaptureRate: 255, Resto: 0
Nó encontrado. Inserindo Pokémon...
Inserido com sucesso
Verificando nó: 7, CaptureRate: 3, Resto: 3
Indo para a subárvore esquerda de 7
Verificando nó: 3, CaptureRate: 3, Resto: 3
Nó encontrado. Inserindo Pokémon...
Inserido com sucesso
Verificando nó: 7, CaptureRate: 45, Resto: 0
Indo para a subárvore esquerda de 7
Verificando nó: 3, CaptureRate: 45, Resto: 0
Indo para a subárvore esquerda de 3
Verificando nó: 1, CaptureRate: 45, Resto: 0
Indo para a subárvore esquerda de 1
Verificando nó: 0, CaptureRate: 45, Resto: 0
Nó encontrado. Inserindo Pokémon...
Inserido com sucesso
Verificando nó: 7, CaptureRate: 45, Resto: 0
Indo para a subárvore esquerda de 7
Verificando nó: 3, CaptureRate: 45, Resto: 0
Indo para a subárvore esquerda de 3
Verificando nó: 1, CaptureRate: 45, Resto: 0
Indo para a subárvore esquerda de 1
Verificando nó: 0, CaptureRate: 45, Resto: 0
Nó encontrado. Inserindo Pokémon...
Inserido com sucesso
Verificando nó: 7, CaptureRate: 45, Resto: 0
Indo para a subárvore esquerda de 7
Verificando nó: 3, CaptureRate: 45, Resto: 0
Indo para a subárvore esquerda de 3
Verificando nó: 1, CaptureRate: 45, Resto: 0
Indo para a subárvore esquerda de 1
Verificando nó: 0, CaptureRate: 45, Resto: 0
Nó encontrado. Inserindo Pokémon...
Inserido com sucesso
Verificando nó: 7, CaptureRate: 45, Resto: 0
Indo para a subárvore esquerda de 7
Verificando nó: 3, CaptureRate: 45, Resto: 0
Indo para a subárvore esquerda de 3
Verificando nó: 1, CaptureRate: 45, Resto: 0
Indo para a subárvore esquerda de 1
Verificando nó: 0, CaptureRate: 45, Resto: 0
Nó encontrado. Inserindo Pokémon...
Inserido com sucesso
Verificando nó: 7, CaptureRate: 60, Resto: 0
Indo para a subárvore esquerda de 7
Verificando nó: 3, CaptureRate: 60, Resto: 0
Indo para a subárvore esquerda de 3
Verificando nó: 1, CaptureRate: 60, Resto: 0
Indo para a subárvore esquerda de 1
Verificando nó: 0, CaptureRate: 60, Resto: 0
Nó encontrado. Inserindo Pokémon...
Inserido com sucesso
Verificando nó: 7, CaptureRate: 45, Resto: 0
Indo para a subárvore esquerda de 7
Verificando nó: 3, CaptureRate: 45, Resto: 0
Indo para a subárvore esquerda de 3
Verificando nó: 1, CaptureRate: 45, Resto: 0
Indo para a subárvore esquerda de 1
Verificando nó: 0, CaptureRate: 45, Resto: 0
Nó encontrado. Inserindo Pokémon...
Inserido com sucesso
=> Mew
raiz ESQ dir esq dir ESQ ESQ esq dir dir dir esq esq esq dir dir DIR DIR esq esq esq dir ESQ DIR DIR ESQ ESQ DIR dir esq DIR ESQ DIR SIM
=> Charmander
raiz ESQ dir dir esq ESQ ESQ esq dir dir dir dir esq esq DIR DIR dir ESQ DIR DIR ESQ ESQ DIR dir dir dir esq DIR ESQ DIR NAO
=> Squirtle
raiz ESQ dir esq dir ESQ ESQ esq esq dir dir esq DIR DIR esq esq esq esq ESQ DIR DIR ESQ ESQ DIR esq dir DIR ESQ DIR NAO
=> Pikachu
raiz ESQ dir esq dir ESQ ESQ esq dir dir dir esq esq esq esq dir esq DIR DIR esq esq esq dir ESQ DIR DIR ESQ ESQ DIR esq dir DIR ESQ DIR NAO
=> Jigglypuff
raiz ESQ dir dir esq ESQ ESQ esq dir dir dir esq dir esq esq DIR DIR esq esq dir esq ESQ DIR DIR ESQ ESQ DIR dir dir esq DIR ESQ DIR NAO
=> Poliwag
raiz ESQ dir esq dir ESQ ESQ esq dir dir dir esq esq esq esq dir esq DIR DIR esq esq esq dir ESQ DIR DIR ESQ ESQ DIR esq dir DIR ESQ DIR NAO
=> Meowth
raiz ESQ dir esq dir ESQ ESQ esq dir dir dir esq esq esq dir dir dir DIR DIR esq esq esq dir ESQ DIR DIR ESQ ESQ DIR dir esq DIR ESQ DIR NAO
=> Scyther
raiz ESQ dir esq dir ESQ ESQ esq dir esq esq esq DIR DIR esq esq esq dir ESQ DIR DIR ESQ ESQ DIR esq dir DIR ESQ DIR NAO
=> Chikorita
raiz ESQ dir dir esq ESQ ESQ esq dir dir dir dir esq esq DIR DIR dir ESQ DIR DIR ESQ ESQ DIR dir dir dir esq DIR ESQ DIR NAO
=> Totodile
raiz ESQ dir esq esq ESQ ESQ esq esq esq esq dir esq esq dir DIR DIR esq esq esq esq ESQ DIR DIR ESQ ESQ DIR esq dir DIR ESQ DIR NAO
=> Ditto
raiz ESQ dir dir esq ESQ ESQ esq dir dir dir esq dir dir esq dir esq dir DIR DIR esq dir ESQ DIR DIR ESQ ESQ DIR dir dir dir esq DIR ESQ DIR SIM
=> Togepi
raiz ESQ dir esq esq ESQ ESQ esq esq esq esq dir esq esq dir DIR DIR esq esq esq esq ESQ DIR DIR ESQ ESQ DIR esq dir DIR ESQ DIR NAO
=> Ampharos
raiz ESQ dir dir dir ESQ ESQ DIR DIR dir ESQ DIR DIR ESQ ESQ DIR dir dir dir dir DIR ESQ DIR SIM
=> Misdreavus
raiz ESQ dir esq dir ESQ ESQ esq dir dir dir esq esq esq dir dir esq DIR DIR esq esq esq dir ESQ DIR DIR ESQ ESQ DIR dir esq DIR ESQ DIR NAO
=> Houndour
raiz ESQ dir dir esq ESQ ESQ esq dir dir dir esq dir esq esq DIR DIR esq esq dir dir ESQ DIR DIR ESQ ESQ DIR dir dir esq DIR ESQ DIR NAO
=> Treecko
raiz ESQ dir esq esq ESQ ESQ esq esq esq esq DIR DIR esq esq esq esq ESQ DIR DIR ESQ ESQ DIR esq dir DIR ESQ DIR SIM
=> Tyranitar
raiz ESQ dir esq esq ESQ ESQ esq esq esq esq esq DIR DIR esq esq esq esq ESQ DIR DIR ESQ ESQ DIR esq dir DIR ESQ DIR SIM
=> Mudkip
raiz ESQ dir esq dir ESQ ESQ esq dir dir dir esq esq esq dir dir esq DIR DIR esq esq esq dir ESQ DIR DIR ESQ ESQ DIR dir esq DIR ESQ DIR NAO
=> Ralts
raiz ESQ dir esq dir ESQ ESQ esq dir esq dir DIR DIR esq esq esq dir ESQ DIR DIR ESQ ESQ DIR esq dir DIR ESQ DIR NAO
=> Shinx
raiz ESQ dir esq dir ESQ ESQ esq dir esq esq esq DIR DIR esq esq esq dir ESQ DIR DIR ESQ ESQ DIR esq dir DIR ESQ DIR NAO
=> Gible
raiz ESQ dir dir esq ESQ ESQ esq dir dir dir esq dir esq esq DIR DIR esq dir esq ESQ DIR DIR ESQ ESQ DIR dir dir esq DIR ESQ DIR NAO
=> Snivy
raiz ESQ dir esq dir ESQ ESQ esq dir esq esq esq DIR DIR esq esq esq dir ESQ DIR DIR ESQ ESQ DIR esq dir DIR ESQ DIR NAO
=> Tepig
raiz ESQ dir esq dir ESQ ESQ esq esq esq esq dir dir DIR DIR esq esq esq esq ESQ DIR DIR ESQ ESQ DIR esq dir DIR ESQ DIR NAO
=> Froakie
raiz ESQ dir dir esq ESQ ESQ esq dir dir dir esq dir esq esq DIR DIR esq dir esq ESQ DIR DIR ESQ ESQ DIR dir dir esq DIR ESQ DIR NAO
=> Rowlet
raiz ESQ dir esq dir ESQ ESQ esq dir esq esq esq DIR DIR esq esq esq dir ESQ DIR DIR ESQ ESQ DIR esq dir DIR ESQ DIR NAO
